{"/Users/Jim/git/oss/machina/lib/machina.js":{"path":"/Users/Jim/git/oss/machina/lib/machina.js","s":{"1":1,"2":1,"3":0,"4":0,"5":1,"6":1,"7":0,"8":1,"9":1,"10":1,"11":1,"12":1,"13":1,"14":1,"15":1,"16":1,"17":1,"18":272,"19":1,"20":243,"21":1,"22":3011,"23":3011,"24":5567,"25":3011,"26":1,"27":16,"28":0,"29":16,"30":16,"31":14,"32":2,"33":12,"34":14,"35":2,"36":2,"37":16,"38":16,"39":1,"40":16,"41":161,"42":20,"43":20,"44":20,"45":6,"46":20,"47":32,"48":32,"49":6,"50":32,"51":32,"52":109,"53":109,"54":1,"55":1,"56":361,"57":361,"58":361,"59":361,"60":361,"61":1,"62":360,"63":348,"64":348,"65":348,"66":348,"67":348,"68":348,"69":348,"70":348,"71":361,"72":361,"73":361,"74":361,"75":361,"76":361,"77":575,"78":372,"79":361,"80":6,"81":361,"82":361,"83":361,"84":1,"85":6,"86":6,"87":6,"88":216,"89":6,"90":6,"91":6,"92":6,"93":1,"94":1,"95":1,"96":272,"97":1,"98":1705,"99":1705,"100":1402,"101":1062,"102":1055,"103":7,"104":7,"105":2,"106":2,"107":1704,"108":81,"109":76,"110":62,"111":14,"112":14,"113":9,"114":9,"115":232,"116":232,"117":232,"118":82,"119":232,"120":232,"121":14,"122":38,"123":38,"124":8,"125":30,"126":26,"127":4,"128":1,"129":1,"130":272,"131":272,"132":272,"133":272,"134":1,"135":120,"136":120,"137":4,"138":116,"139":4,"140":112,"141":664,"142":12,"143":652,"144":652,"145":120,"146":120,"147":644,"148":425,"149":421,"150":4,"151":63,"152":63,"153":63,"154":63,"155":63,"156":341,"157":341,"158":341,"159":341,"160":341,"161":279,"162":341,"163":321,"164":321,"165":259,"166":321,"167":321,"168":321,"169":321,"170":321,"171":321,"172":321,"173":321,"174":321,"175":321,"176":321,"177":6,"178":6,"179":6,"180":6,"181":315,"182":0,"183":315,"184":315,"185":315,"186":315,"187":315,"188":315,"189":315,"190":52,"191":263,"192":263,"193":114,"194":149,"195":149,"196":255,"197":307,"198":307,"199":313,"200":430,"201":430,"202":430,"203":430,"204":430,"205":430,"206":430,"207":430,"208":422,"209":16,"210":16,"211":422,"212":28,"213":28,"214":28,"215":422,"216":6,"217":422,"218":422,"219":422,"220":422,"221":16,"222":422,"223":422,"224":422,"225":184,"226":414,"227":16,"228":414,"229":414,"230":414,"231":8,"232":62,"233":62,"234":62,"235":62,"236":62,"237":62,"238":8,"239":8,"240":414,"241":414,"242":38,"243":414,"244":414,"245":414,"246":38,"247":16,"248":16,"249":8,"250":8,"251":16,"252":8,"253":1,"254":1,"255":125,"256":123,"257":123,"258":123,"259":4,"260":119,"261":4,"262":115,"263":722,"264":123,"265":123,"266":123,"267":714,"268":985,"269":985,"270":14,"271":971,"272":296,"273":985,"274":51,"275":51,"276":51,"277":0,"278":51,"279":386,"280":386,"281":386,"282":386,"283":0,"284":148,"285":148,"286":210,"287":210,"288":31,"289":31,"290":202,"291":202,"292":8,"293":8,"294":1,"295":1},"b":{"1":[0,1],"2":[1,0],"3":[1,0],"4":[1,1],"5":[0,16],"6":[14,2],"7":[2,12],"8":[2,0],"9":[20,32,109],"10":[20,0],"11":[20,20,20],"12":[6,14],"13":[6,26],"14":[32,6],"15":[1,360],"16":[361,361],"17":[348,174],"18":[348,174],"19":[348,336],"20":[361,0],"21":[372,203],"22":[6,355],"23":[1402,303],"24":[1055,7],"25":[2,0],"26":[2,2],"27":[81,1623],"28":[62,14],"29":[9,0],"30":[9,9],"31":[232,0],"32":[82,150],"33":[38,0],"34":[8,30],"35":[26,4],"36":[4,116],"37":[4,112],"38":[12,652],"39":[652,113],"40":[120,532],"41":[421,4],"42":[4,0],"43":[63,0],"44":[15,48],"45":[279,62],"46":[259,62],"47":[321,0],"48":[321,12],"49":[6,315],"50":[321,12,12],"51":[6,6],"52":[0,315],"53":[315,14],"54":[241,74],"55":[315,52,52],"56":[52,263],"57":[114,149],"58":[430,0],"59":[430,430],"60":[422,8],"61":[16,406],"62":[16,16],"63":[28,394],"64":[422,195],"65":[6,416],"66":[422,195,6,6],"67":[16,406],"68":[184,238],"69":[16,398],"70":[414,0],"71":[62,0],"72":[38,16],"73":[8,8],"74":[16,0],"75":[4,119],"76":[4,115],"77":[123,599],"78":[14,971],"79":[985,693,689],"80":[296,675],"81":[971,679,679],"82":[0,51],"83":[7,44],"84":[386,0],"85":[0,0]},"f":{"1":1,"2":0,"3":1,"4":272,"5":243,"6":3011,"7":16,"8":14,"9":16,"10":161,"11":361,"12":361,"13":348,"14":575,"15":6,"16":1,"17":272,"18":1705,"19":1062,"20":76,"21":232,"22":14,"23":38,"24":272,"25":264,"26":120,"27":664,"28":425,"29":63,"30":341,"31":430,"32":62,"33":8,"34":414,"35":38,"36":38,"37":16,"38":16,"39":125,"40":123,"41":722,"42":985,"43":51,"44":386,"45":148,"46":210,"47":31,"48":202,"49":8},"fnMap":{"1":{"name":"(anonymous_1)","line":9,"loc":{"start":{"line":9,"column":1},"end":{"line":9,"column":26}}},"2":{"name":"(anonymous_2)","line":12,"loc":{"start":{"line":12,"column":27},"end":{"line":12,"column":40}},"skip":true},"3":{"name":"(anonymous_3)","line":22,"loc":{"start":{"line":22,"column":8},"end":{"line":22,"column":40}}},"4":{"name":"getDefaultBehavioralOptions","line":33,"loc":{"start":{"line":33,"column":4},"end":{"line":33,"column":43}}},"5":{"name":"getDefaultClientMeta","line":47,"loc":{"start":{"line":47,"column":4},"end":{"line":47,"column":36}}},"6":{"name":"getLeaklessArgs","line":60,"loc":{"start":{"line":60,"column":4},"end":{"line":60,"column":45}}},"7":{"name":"getChildFsmInstance","line":68,"loc":{"start":{"line":68,"column":4},"end":{"line":68,"column":41}}},"8":{"name":"(anonymous_8)","line":79,"loc":{"start":{"line":79,"column":45},"end":{"line":79,"column":57}}},"9":{"name":"listenToChild","line":90,"loc":{"start":{"line":90,"column":4},"end":{"line":90,"column":39}}},"10":{"name":"(anonymous_10)","line":91,"loc":{"start":{"line":91,"column":29},"end":{"line":91,"column":56}}},"11":{"name":"(anonymous_11)","line":121,"loc":{"start":{"line":121,"column":17},"end":{"line":121,"column":52}}},"12":{"name":"(anonymous_12)","line":125,"loc":{"start":{"line":125,"column":19},"end":{"line":125,"column":31}}},"13":{"name":"(anonymous_13)","line":137,"loc":{"start":{"line":137,"column":18},"end":{"line":137,"column":30}}},"14":{"name":"(anonymous_14)","line":163,"loc":{"start":{"line":163,"column":53},"end":{"line":163,"column":80}}},"15":{"name":"createUUID","line":183,"loc":{"start":{"line":183,"column":4},"end":{"line":183,"column":26}}},"16":{"name":"(anonymous_16)","line":196,"loc":{"start":{"line":196,"column":27},"end":{"line":196,"column":39}}},"17":{"name":"(anonymous_17)","line":198,"loc":{"start":{"line":198,"column":19},"end":{"line":198,"column":31}}},"18":{"name":"(anonymous_18)","line":211,"loc":{"start":{"line":211,"column":14},"end":{"line":211,"column":35}}},"19":{"name":"(anonymous_19)","line":214,"loc":{"start":{"line":214,"column":49},"end":{"line":214,"column":69}}},"20":{"name":"(anonymous_20)","line":229,"loc":{"start":{"line":229,"column":55},"end":{"line":229,"column":75}}},"21":{"name":"(anonymous_21)","line":245,"loc":{"start":{"line":245,"column":12},"end":{"line":245,"column":43}}},"22":{"name":"(anonymous_22)","line":257,"loc":{"start":{"line":257,"column":21},"end":{"line":257,"column":33}}},"23":{"name":"(anonymous_23)","line":263,"loc":{"start":{"line":263,"column":13},"end":{"line":263,"column":44}}},"24":{"name":"BehavioralFsm","line":281,"loc":{"start":{"line":281,"column":4},"end":{"line":281,"column":36}}},"25":{"name":"(anonymous_25)","line":289,"loc":{"start":{"line":289,"column":20},"end":{"line":289,"column":32}}},"26":{"name":"initClient","line":291,"loc":{"start":{"line":291,"column":20},"end":{"line":291,"column":48}}},"27":{"name":"ensureClientMeta","line":302,"loc":{"start":{"line":302,"column":26},"end":{"line":302,"column":60}}},"28":{"name":"(anonymous_28)","line":314,"loc":{"start":{"line":314,"column":27},"end":{"line":314,"column":51}}},"29":{"name":"(anonymous_29)","line":329,"loc":{"start":{"line":329,"column":24},"end":{"line":329,"column":52}}},"30":{"name":"(anonymous_30)","line":341,"loc":{"start":{"line":341,"column":16},"end":{"line":341,"column":41}}},"31":{"name":"(anonymous_31)","line":413,"loc":{"start":{"line":413,"column":20},"end":{"line":413,"column":48}}},"32":{"name":"(anonymous_32)","line":464,"loc":{"start":{"line":464,"column":30},"end":{"line":464,"column":59}}},"33":{"name":"(anonymous_33)","line":481,"loc":{"start":{"line":481,"column":28},"end":{"line":481,"column":57}}},"34":{"name":"(anonymous_34)","line":486,"loc":{"start":{"line":486,"column":22},"end":{"line":486,"column":40}}},"35":{"name":"(anonymous_35)","line":488,"loc":{"start":{"line":488,"column":27},"end":{"line":488,"column":43}}},"36":{"name":"(anonymous_36)","line":493,"loc":{"start":{"line":493,"column":30},"end":{"line":493,"column":46}}},"37":{"name":"(anonymous_37)","line":498,"loc":{"start":{"line":498,"column":20},"end":{"line":498,"column":44}}},"38":{"name":"(anonymous_38)","line":503,"loc":{"start":{"line":503,"column":29},"end":{"line":503,"column":45}}},"39":{"name":"(anonymous_39)","line":514,"loc":{"start":{"line":514,"column":21},"end":{"line":514,"column":33}}},"40":{"name":"initClient","line":518,"loc":{"start":{"line":518,"column":20},"end":{"line":518,"column":42}}},"41":{"name":"ensureClientMeta","line":528,"loc":{"start":{"line":528,"column":26},"end":{"line":528,"column":54}}},"42":{"name":"(anonymous_42)","line":537,"loc":{"start":{"line":537,"column":25},"end":{"line":537,"column":41}}},"43":{"name":"(anonymous_43)","line":549,"loc":{"start":{"line":549,"column":24},"end":{"line":549,"column":52}}},"44":{"name":"(anonymous_44)","line":561,"loc":{"start":{"line":561,"column":27},"end":{"line":561,"column":39}}},"45":{"name":"(anonymous_45)","line":575,"loc":{"start":{"line":575,"column":16},"end":{"line":575,"column":37}}},"46":{"name":"(anonymous_46)","line":579,"loc":{"start":{"line":579,"column":20},"end":{"line":579,"column":40}}},"47":{"name":"(anonymous_47)","line":583,"loc":{"start":{"line":583,"column":30},"end":{"line":583,"column":51}}},"48":{"name":"(anonymous_48)","line":587,"loc":{"start":{"line":587,"column":22},"end":{"line":587,"column":34}}},"49":{"name":"(anonymous_49)","line":591,"loc":{"start":{"line":591,"column":20},"end":{"line":591,"column":41}}}},"statementMap":{"1":{"start":{"line":9,"column":0},"end":{"line":607,"column":4}},"2":{"start":{"line":10,"column":4},"end":{"line":21,"column":5}},"3":{"start":{"line":12,"column":8},"end":{"line":14,"column":11},"skip":true},"4":{"start":{"line":13,"column":12},"end":{"line":13,"column":36},"skip":true},"5":{"start":{"line":15,"column":11},"end":{"line":21,"column":5}},"6":{"start":{"line":17,"column":8},"end":{"line":17,"column":52}},"7":{"start":{"line":20,"column":8},"end":{"line":20,"column":45},"skip":true},"8":{"start":{"line":23,"column":4},"end":{"line":23,"column":25}},"9":{"start":{"line":24,"column":4},"end":{"line":24,"column":39}},"10":{"start":{"line":25,"column":4},"end":{"line":25,"column":30}},"11":{"start":{"line":26,"column":4},"end":{"line":26,"column":28}},"12":{"start":{"line":27,"column":4},"end":{"line":27,"column":33}},"13":{"start":{"line":28,"column":4},"end":{"line":28,"column":34}},"14":{"start":{"line":29,"column":4},"end":{"line":29,"column":39}},"15":{"start":{"line":30,"column":4},"end":{"line":30,"column":30}},"16":{"start":{"line":31,"column":4},"end":{"line":31,"column":27}},"17":{"start":{"line":33,"column":4},"end":{"line":45,"column":5}},"18":{"start":{"line":34,"column":8},"end":{"line":44,"column":10}},"19":{"start":{"line":47,"column":4},"end":{"line":58,"column":5}},"20":{"start":{"line":48,"column":8},"end":{"line":57,"column":10}},"21":{"start":{"line":60,"column":4},"end":{"line":66,"column":5}},"22":{"start":{"line":61,"column":8},"end":{"line":61,"column":24}},"23":{"start":{"line":62,"column":8},"end":{"line":64,"column":9}},"24":{"start":{"line":63,"column":12},"end":{"line":63,"column":32}},"25":{"start":{"line":65,"column":8},"end":{"line":65,"column":22}},"26":{"start":{"line":68,"column":4},"end":{"line":88,"column":5}},"27":{"start":{"line":69,"column":8},"end":{"line":71,"column":9}},"28":{"start":{"line":70,"column":12},"end":{"line":70,"column":19}},"29":{"start":{"line":72,"column":8},"end":{"line":72,"column":36}},"30":{"start":{"line":73,"column":8},"end":{"line":85,"column":9}},"31":{"start":{"line":75,"column":12},"end":{"line":82,"column":13}},"32":{"start":{"line":76,"column":16},"end":{"line":76,"column":44}},"33":{"start":{"line":79,"column":16},"end":{"line":81,"column":18}},"34":{"start":{"line":80,"column":20},"end":{"line":80,"column":34}},"35":{"start":{"line":83,"column":15},"end":{"line":85,"column":9}},"36":{"start":{"line":84,"column":12},"end":{"line":84,"column":48}},"37":{"start":{"line":86,"column":8},"end":{"line":86,"column":67}},"38":{"start":{"line":87,"column":8},"end":{"line":87,"column":34}},"39":{"start":{"line":90,"column":4},"end":{"line":115,"column":5}},"40":{"start":{"line":91,"column":8},"end":{"line":114,"column":11}},"41":{"start":{"line":92,"column":12},"end":{"line":113,"column":13}},"42":{"start":{"line":94,"column":16},"end":{"line":97,"column":17}},"43":{"start":{"line":96,"column":20},"end":{"line":96,"column":49}},"44":{"start":{"line":99,"column":16},"end":{"line":101,"column":17}},"45":{"start":{"line":100,"column":20},"end":{"line":100,"column":53}},"46":{"start":{"line":102,"column":16},"end":{"line":102,"column":22}},"47":{"start":{"line":104,"column":16},"end":{"line":104,"column":41}},"48":{"start":{"line":105,"column":16},"end":{"line":107,"column":17}},"49":{"start":{"line":106,"column":20},"end":{"line":106,"column":58}},"50":{"start":{"line":108,"column":16},"end":{"line":108,"column":42}},"51":{"start":{"line":109,"column":16},"end":{"line":109,"column":22}},"52":{"start":{"line":111,"column":16},"end":{"line":111,"column":42}},"53":{"start":{"line":112,"column":16},"end":{"line":112,"column":22}},"54":{"start":{"line":120,"column":4},"end":{"line":120,"column":47}},"55":{"start":{"line":121,"column":4},"end":{"line":181,"column":6}},"56":{"start":{"line":122,"column":8},"end":{"line":122,"column":26}},"57":{"start":{"line":123,"column":8},"end":{"line":123,"column":16}},"58":{"start":{"line":124,"column":8},"end":{"line":124,"column":25}},"59":{"start":{"line":125,"column":8},"end":{"line":125,"column":34}},"60":{"start":{"line":129,"column":8},"end":{"line":149,"column":9}},"61":{"start":{"line":130,"column":12},"end":{"line":130,"column":41}},"62":{"start":{"line":137,"column":12},"end":{"line":148,"column":14}},"63":{"start":{"line":138,"column":16},"end":{"line":138,"column":52}},"64":{"start":{"line":139,"column":16},"end":{"line":139,"column":40}},"65":{"start":{"line":140,"column":16},"end":{"line":140,"column":33}},"66":{"start":{"line":141,"column":16},"end":{"line":141,"column":58}},"67":{"start":{"line":142,"column":16},"end":{"line":144,"column":19}},"68":{"start":{"line":145,"column":16},"end":{"line":145,"column":86}},"69":{"start":{"line":146,"column":16},"end":{"line":146,"column":48}},"70":{"start":{"line":147,"column":16},"end":{"line":147,"column":41}},"71":{"start":{"line":152,"column":8},"end":{"line":152,"column":29}},"72":{"start":{"line":156,"column":8},"end":{"line":156,"column":42}},"73":{"start":{"line":157,"column":8},"end":{"line":157,"column":35}},"74":{"start":{"line":161,"column":8},"end":{"line":168,"column":9}},"75":{"start":{"line":162,"column":12},"end":{"line":162,"column":48}},"76":{"start":{"line":163,"column":12},"end":{"line":167,"column":16}},"77":{"start":{"line":164,"column":16},"end":{"line":166,"column":17}},"78":{"start":{"line":165,"column":20},"end":{"line":165,"column":37}},"79":{"start":{"line":171,"column":8},"end":{"line":173,"column":9}},"80":{"start":{"line":172,"column":12},"end":{"line":172,"column":38}},"81":{"start":{"line":176,"column":8},"end":{"line":176,"column":40}},"82":{"start":{"line":179,"column":8},"end":{"line":179,"column":41}},"83":{"start":{"line":180,"column":8},"end":{"line":180,"column":19}},"84":{"start":{"line":183,"column":4},"end":{"line":193,"column":5}},"85":{"start":{"line":184,"column":8},"end":{"line":184,"column":19}},"86":{"start":{"line":185,"column":8},"end":{"line":185,"column":43}},"87":{"start":{"line":186,"column":8},"end":{"line":188,"column":9}},"88":{"start":{"line":187,"column":12},"end":{"line":187,"column":73}},"89":{"start":{"line":189,"column":8},"end":{"line":189,"column":20}},"90":{"start":{"line":190,"column":8},"end":{"line":190,"column":57}},"91":{"start":{"line":191,"column":8},"end":{"line":191,"column":43}},"92":{"start":{"line":192,"column":8},"end":{"line":192,"column":26}},"93":{"start":{"line":195,"column":4},"end":{"line":207,"column":6}},"94":{"start":{"line":197,"column":12},"end":{"line":197,"column":33}},"95":{"start":{"line":198,"column":12},"end":{"line":200,"column":14}},"96":{"start":{"line":199,"column":16},"end":{"line":199,"column":47}},"97":{"start":{"line":209,"column":4},"end":{"line":277,"column":6}},"98":{"start":{"line":212,"column":12},"end":{"line":212,"column":50}},"99":{"start":{"line":213,"column":12},"end":{"line":227,"column":13}},"100":{"start":{"line":214,"column":16},"end":{"line":226,"column":25}},"101":{"start":{"line":215,"column":20},"end":{"line":225,"column":21}},"102":{"start":{"line":216,"column":24},"end":{"line":216,"column":51}},"103":{"start":{"line":218,"column":24},"end":{"line":224,"column":25}},"104":{"start":{"line":219,"column":28},"end":{"line":219,"column":55}},"105":{"start":{"line":221,"column":28},"end":{"line":223,"column":29}},"106":{"start":{"line":222,"column":32},"end":{"line":222,"column":61}},"107":{"start":{"line":228,"column":12},"end":{"line":242,"column":13}},"108":{"start":{"line":229,"column":16},"end":{"line":241,"column":25}},"109":{"start":{"line":230,"column":20},"end":{"line":240,"column":21}},"110":{"start":{"line":231,"column":24},"end":{"line":231,"column":60}},"111":{"start":{"line":233,"column":24},"end":{"line":239,"column":25}},"112":{"start":{"line":234,"column":28},"end":{"line":234,"column":64}},"113":{"start":{"line":236,"column":28},"end":{"line":238,"column":29}},"114":{"start":{"line":237,"column":32},"end":{"line":237,"column":61}},"115":{"start":{"line":246,"column":12},"end":{"line":246,"column":28}},"116":{"start":{"line":247,"column":12},"end":{"line":249,"column":14}},"117":{"start":{"line":250,"column":12},"end":{"line":252,"column":13}},"118":{"start":{"line":251,"column":16},"end":{"line":251,"column":52}},"119":{"start":{"line":253,"column":12},"end":{"line":253,"column":58}},"120":{"start":{"line":254,"column":12},"end":{"line":260,"column":14}},"121":{"start":{"line":258,"column":20},"end":{"line":258,"column":50}},"122":{"start":{"line":264,"column":12},"end":{"line":266,"column":14}},"123":{"start":{"line":267,"column":12},"end":{"line":275,"column":13}},"124":{"start":{"line":268,"column":16},"end":{"line":268,"column":41}},"125":{"start":{"line":270,"column":16},"end":{"line":274,"column":17}},"126":{"start":{"line":271,"column":20},"end":{"line":271,"column":105}},"127":{"start":{"line":273,"column":20},"end":{"line":273,"column":56}},"128":{"start":{"line":279,"column":4},"end":{"line":279,"column":37}},"129":{"start":{"line":281,"column":4},"end":{"line":286,"column":5}},"130":{"start":{"line":282,"column":8},"end":{"line":282,"column":32}},"131":{"start":{"line":283,"column":8},"end":{"line":283,"column":56}},"132":{"start":{"line":284,"column":8},"end":{"line":284,"column":47}},"133":{"start":{"line":285,"column":8},"end":{"line":285,"column":36}},"134":{"start":{"line":288,"column":4},"end":{"line":509,"column":16}},"135":{"start":{"line":292,"column":12},"end":{"line":292,"column":49}},"136":{"start":{"line":293,"column":12},"end":{"line":295,"column":13}},"137":{"start":{"line":294,"column":16},"end":{"line":294,"column":82}},"138":{"start":{"line":296,"column":12},"end":{"line":298,"column":13}},"139":{"start":{"line":297,"column":16},"end":{"line":297,"column":100}},"140":{"start":{"line":299,"column":12},"end":{"line":299,"column":50}},"141":{"start":{"line":303,"column":12},"end":{"line":305,"column":13}},"142":{"start":{"line":304,"column":16},"end":{"line":304,"column":68}},"143":{"start":{"line":306,"column":12},"end":{"line":306,"column":62}},"144":{"start":{"line":307,"column":12},"end":{"line":310,"column":13}},"145":{"start":{"line":308,"column":16},"end":{"line":308,"column":97}},"146":{"start":{"line":309,"column":16},"end":{"line":309,"column":40}},"147":{"start":{"line":311,"column":12},"end":{"line":311,"column":56}},"148":{"start":{"line":315,"column":12},"end":{"line":326,"column":13}},"149":{"start":{"line":316,"column":16},"end":{"line":319,"column":19}},"150":{"start":{"line":321,"column":16},"end":{"line":325,"column":18}},"151":{"start":{"line":333,"column":12},"end":{"line":333,"column":38}},"152":{"start":{"line":334,"column":12},"end":{"line":334,"column":33}},"153":{"start":{"line":335,"column":12},"end":{"line":337,"column":13}},"154":{"start":{"line":336,"column":16},"end":{"line":336,"column":52}},"155":{"start":{"line":338,"column":12},"end":{"line":338,"column":74}},"156":{"start":{"line":342,"column":12},"end":{"line":342,"column":26}},"157":{"start":{"line":343,"column":12},"end":{"line":343,"column":26}},"158":{"start":{"line":344,"column":12},"end":{"line":344,"column":23}},"159":{"start":{"line":345,"column":12},"end":{"line":345,"column":33}},"160":{"start":{"line":346,"column":12},"end":{"line":352,"column":13}},"161":{"start":{"line":347,"column":16},"end":{"line":351,"column":18}},"162":{"start":{"line":353,"column":12},"end":{"line":353,"column":59}},"163":{"start":{"line":354,"column":12},"end":{"line":354,"column":50}},"164":{"start":{"line":355,"column":12},"end":{"line":357,"column":13}},"165":{"start":{"line":356,"column":16},"end":{"line":356,"column":44}},"166":{"start":{"line":358,"column":12},"end":{"line":358,"column":57}},"167":{"start":{"line":359,"column":12},"end":{"line":359,"column":48}},"168":{"start":{"line":360,"column":12},"end":{"line":360,"column":53}},"169":{"start":{"line":361,"column":12},"end":{"line":361,"column":28}},"170":{"start":{"line":362,"column":12},"end":{"line":362,"column":24}},"171":{"start":{"line":363,"column":12},"end":{"line":363,"column":35}},"172":{"start":{"line":364,"column":12},"end":{"line":364,"column":22}},"173":{"start":{"line":365,"column":12},"end":{"line":365,"column":23}},"174":{"start":{"line":366,"column":12},"end":{"line":409,"column":13}},"175":{"start":{"line":367,"column":16},"end":{"line":367,"column":68}},"176":{"start":{"line":368,"column":16},"end":{"line":408,"column":17}},"177":{"start":{"line":369,"column":20},"end":{"line":369,"column":78}},"178":{"start":{"line":370,"column":20},"end":{"line":370,"column":46}},"179":{"start":{"line":371,"column":20},"end":{"line":373,"column":22}},"180":{"start":{"line":376,"column":20},"end":{"line":376,"column":61}},"181":{"start":{"line":378,"column":20},"end":{"line":380,"column":21}},"182":{"start":{"line":379,"column":24},"end":{"line":379,"column":72}},"183":{"start":{"line":381,"column":20},"end":{"line":381,"column":90}},"184":{"start":{"line":382,"column":20},"end":{"line":382,"column":55}},"185":{"start":{"line":383,"column":20},"end":{"line":383,"column":88}},"186":{"start":{"line":384,"column":20},"end":{"line":384,"column":66}},"187":{"start":{"line":385,"column":20},"end":{"line":385,"column":54}},"188":{"start":{"line":386,"column":20},"end":{"line":391,"column":23}},"189":{"start":{"line":392,"column":20},"end":{"line":405,"column":21}},"190":{"start":{"line":393,"column":24},"end":{"line":395,"column":42}},"191":{"start":{"line":397,"column":24},"end":{"line":397,"column":58}},"192":{"start":{"line":398,"column":24},"end":{"line":403,"column":25}},"193":{"start":{"line":399,"column":28},"end":{"line":399,"column":96}},"194":{"start":{"line":401,"column":28},"end":{"line":401,"column":45}},"195":{"start":{"line":402,"column":28},"end":{"line":402,"column":61}},"196":{"start":{"line":404,"column":24},"end":{"line":404,"column":57}},"197":{"start":{"line":406,"column":20},"end":{"line":406,"column":70}},"198":{"start":{"line":407,"column":20},"end":{"line":407,"column":50}},"199":{"start":{"line":410,"column":12},"end":{"line":410,"column":26}},"200":{"start":{"line":414,"column":12},"end":{"line":414,"column":59}},"201":{"start":{"line":415,"column":12},"end":{"line":415,"column":44}},"202":{"start":{"line":416,"column":12},"end":{"line":416,"column":52}},"203":{"start":{"line":417,"column":12},"end":{"line":417,"column":52}},"204":{"start":{"line":418,"column":12},"end":{"line":418,"column":25}},"205":{"start":{"line":419,"column":12},"end":{"line":419,"column":22}},"206":{"start":{"line":420,"column":12},"end":{"line":461,"column":13}},"207":{"start":{"line":421,"column":16},"end":{"line":456,"column":17}},"208":{"start":{"line":422,"column":20},"end":{"line":425,"column":21}},"209":{"start":{"line":423,"column":24},"end":{"line":423,"column":85}},"210":{"start":{"line":424,"column":24},"end":{"line":424,"column":82}},"211":{"start":{"line":426,"column":20},"end":{"line":430,"column":21}},"212":{"start":{"line":427,"column":24},"end":{"line":427,"column":56}},"213":{"start":{"line":428,"column":24},"end":{"line":428,"column":63}},"214":{"start":{"line":429,"column":24},"end":{"line":429,"column":57}},"215":{"start":{"line":431,"column":20},"end":{"line":433,"column":21}},"216":{"start":{"line":432,"column":24},"end":{"line":432,"column":84}},"217":{"start":{"line":434,"column":20},"end":{"line":434,"column":60}},"218":{"start":{"line":435,"column":20},"end":{"line":435,"column":53}},"219":{"start":{"line":436,"column":20},"end":{"line":436,"column":48}},"220":{"start":{"line":437,"column":20},"end":{"line":439,"column":21}},"221":{"start":{"line":438,"column":24},"end":{"line":438,"column":91}},"222":{"start":{"line":440,"column":20},"end":{"line":444,"column":23}},"223":{"start":{"line":445,"column":20},"end":{"line":445,"column":56}},"224":{"start":{"line":446,"column":20},"end":{"line":448,"column":21}},"225":{"start":{"line":447,"column":24},"end":{"line":447,"column":64}},"226":{"start":{"line":449,"column":20},"end":{"line":451,"column":21}},"227":{"start":{"line":450,"column":24},"end":{"line":450,"column":55}},"228":{"start":{"line":452,"column":20},"end":{"line":454,"column":21}},"229":{"start":{"line":453,"column":24},"end":{"line":453,"column":67}},"230":{"start":{"line":455,"column":20},"end":{"line":455,"column":27}},"231":{"start":{"line":457,"column":16},"end":{"line":460,"column":20}},"232":{"start":{"line":465,"column":12},"end":{"line":465,"column":59}},"233":{"start":{"line":466,"column":12},"end":{"line":478,"column":13}},"234":{"start":{"line":467,"column":16},"end":{"line":471,"column":18}},"235":{"start":{"line":472,"column":16},"end":{"line":472,"column":51}},"236":{"start":{"line":473,"column":16},"end":{"line":476,"column":19}},"237":{"start":{"line":477,"column":16},"end":{"line":477,"column":50}},"238":{"start":{"line":482,"column":12},"end":{"line":482,"column":57}},"239":{"start":{"line":483,"column":12},"end":{"line":483,"column":47}},"240":{"start":{"line":487,"column":12},"end":{"line":487,"column":59}},"241":{"start":{"line":488,"column":12},"end":{"line":490,"column":14}},"242":{"start":{"line":489,"column":16},"end":{"line":489,"column":86}},"243":{"start":{"line":491,"column":12},"end":{"line":491,"column":70}},"244":{"start":{"line":492,"column":12},"end":{"line":492,"column":83}},"245":{"start":{"line":493,"column":12},"end":{"line":495,"column":21}},"246":{"start":{"line":494,"column":16},"end":{"line":494,"column":68}},"247":{"start":{"line":499,"column":12},"end":{"line":499,"column":59}},"248":{"start":{"line":500,"column":12},"end":{"line":507,"column":13}},"249":{"start":{"line":501,"column":16},"end":{"line":501,"column":43}},"250":{"start":{"line":503,"column":16},"end":{"line":505,"column":18}},"251":{"start":{"line":504,"column":20},"end":{"line":504,"column":68}},"252":{"start":{"line":506,"column":16},"end":{"line":506,"column":80}},"253":{"start":{"line":511,"column":4},"end":{"line":511,"column":34}},"254":{"start":{"line":513,"column":4},"end":{"line":595,"column":7}},"255":{"start":{"line":515,"column":12},"end":{"line":515,"column":49}},"256":{"start":{"line":516,"column":12},"end":{"line":516,"column":36}},"257":{"start":{"line":519,"column":12},"end":{"line":519,"column":49}},"258":{"start":{"line":520,"column":12},"end":{"line":522,"column":13}},"259":{"start":{"line":521,"column":16},"end":{"line":521,"column":82}},"260":{"start":{"line":523,"column":12},"end":{"line":525,"column":13}},"261":{"start":{"line":524,"column":16},"end":{"line":524,"column":100}},"262":{"start":{"line":526,"column":12},"end":{"line":526,"column":42}},"263":{"start":{"line":529,"column":12},"end":{"line":533,"column":13}},"264":{"start":{"line":530,"column":16},"end":{"line":530,"column":37}},"265":{"start":{"line":531,"column":16},"end":{"line":531,"column":70}},"266":{"start":{"line":532,"column":16},"end":{"line":532,"column":34}},"267":{"start":{"line":534,"column":12},"end":{"line":534,"column":24}},"268":{"start":{"line":538,"column":12},"end":{"line":538,"column":29}},"269":{"start":{"line":541,"column":12},"end":{"line":545,"column":13}},"270":{"start":{"line":542,"column":16},"end":{"line":542,"column":41}},"271":{"start":{"line":543,"column":19},"end":{"line":545,"column":13}},"272":{"start":{"line":544,"column":16},"end":{"line":544,"column":36}},"273":{"start":{"line":546,"column":12},"end":{"line":546,"column":25}},"274":{"start":{"line":553,"column":12},"end":{"line":553,"column":29}},"275":{"start":{"line":554,"column":12},"end":{"line":554,"column":33}},"276":{"start":{"line":555,"column":12},"end":{"line":557,"column":13}},"277":{"start":{"line":556,"column":16},"end":{"line":556,"column":52}},"278":{"start":{"line":558,"column":12},"end":{"line":558,"column":64}},"279":{"start":{"line":562,"column":12},"end":{"line":562,"column":78}},"280":{"start":{"line":563,"column":12},"end":{"line":563,"column":31}},"281":{"start":{"line":564,"column":12},"end":{"line":573,"column":13}},"282":{"start":{"line":565,"column":16},"end":{"line":567,"column":19}},"283":{"start":{"line":569,"column":16},"end":{"line":572,"column":18}},"284":{"start":{"line":576,"column":12},"end":{"line":576,"column":78}},"285":{"start":{"line":577,"column":12},"end":{"line":577,"column":68}},"286":{"start":{"line":580,"column":12},"end":{"line":580,"column":78}},"287":{"start":{"line":581,"column":12},"end":{"line":581,"column":72}},"288":{"start":{"line":584,"column":12},"end":{"line":584,"column":78}},"289":{"start":{"line":585,"column":12},"end":{"line":585,"column":82}},"290":{"start":{"line":588,"column":12},"end":{"line":588,"column":78}},"291":{"start":{"line":589,"column":12},"end":{"line":589,"column":74}},"292":{"start":{"line":592,"column":12},"end":{"line":592,"column":78}},"293":{"start":{"line":593,"column":12},"end":{"line":593,"column":72}},"294":{"start":{"line":597,"column":4},"end":{"line":604,"column":7}},"295":{"start":{"line":606,"column":4},"end":{"line":606,"column":19}}},"branchMap":{"1":{"line":10,"type":"if","locations":[{"start":{"line":10,"column":4},"end":{"line":10,"column":4},"skip":true},{"start":{"line":10,"column":4},"end":{"line":10,"column":4}}]},"2":{"line":10,"type":"binary-expr","locations":[{"start":{"line":10,"column":8},"end":{"line":10,"column":36}},{"start":{"line":10,"column":40},"end":{"line":10,"column":50}}]},"3":{"line":15,"type":"if","locations":[{"start":{"line":15,"column":11},"end":{"line":15,"column":11}},{"start":{"line":15,"column":11},"end":{"line":15,"column":11},"skip":true}]},"4":{"line":15,"type":"binary-expr","locations":[{"start":{"line":15,"column":15},"end":{"line":15,"column":41}},{"start":{"line":15,"column":45},"end":{"line":15,"column":59}}]},"5":{"line":69,"type":"if","locations":[{"start":{"line":69,"column":8},"end":{"line":69,"column":8}},{"start":{"line":69,"column":8},"end":{"line":69,"column":8}}]},"6":{"line":73,"type":"if","locations":[{"start":{"line":73,"column":8},"end":{"line":73,"column":8}},{"start":{"line":73,"column":8},"end":{"line":73,"column":8}}]},"7":{"line":75,"type":"if","locations":[{"start":{"line":75,"column":12},"end":{"line":75,"column":12}},{"start":{"line":75,"column":12},"end":{"line":75,"column":12}}]},"8":{"line":83,"type":"if","locations":[{"start":{"line":83,"column":15},"end":{"line":83,"column":15}},{"start":{"line":83,"column":15},"end":{"line":83,"column":15}}]},"9":{"line":92,"type":"switch","locations":[{"start":{"line":93,"column":12},"end":{"line":102,"column":22}},{"start":{"line":103,"column":12},"end":{"line":109,"column":22}},{"start":{"line":110,"column":12},"end":{"line":112,"column":22}}]},"10":{"line":94,"type":"if","locations":[{"start":{"line":94,"column":16},"end":{"line":94,"column":16}},{"start":{"line":94,"column":16},"end":{"line":94,"column":16}}]},"11":{"line":94,"type":"binary-expr","locations":[{"start":{"line":94,"column":20},"end":{"line":94,"column":32}},{"start":{"line":94,"column":36},"end":{"line":94,"column":51}},{"start":{"line":94,"column":55},"end":{"line":94,"column":87}}]},"12":{"line":99,"type":"if","locations":[{"start":{"line":99,"column":16},"end":{"line":99,"column":16}},{"start":{"line":99,"column":16},"end":{"line":99,"column":16}}]},"13":{"line":105,"type":"if","locations":[{"start":{"line":105,"column":16},"end":{"line":105,"column":16}},{"start":{"line":105,"column":16},"end":{"line":105,"column":16}}]},"14":{"line":105,"type":"binary-expr","locations":[{"start":{"line":105,"column":20},"end":{"line":105,"column":26}},{"start":{"line":105,"column":30},"end":{"line":105,"column":60}}]},"15":{"line":129,"type":"if","locations":[{"start":{"line":129,"column":8},"end":{"line":129,"column":8}},{"start":{"line":129,"column":8},"end":{"line":129,"column":8}}]},"16":{"line":129,"type":"binary-expr","locations":[{"start":{"line":129,"column":12},"end":{"line":129,"column":22}},{"start":{"line":129,"column":26},"end":{"line":129,"column":66}}]},"17":{"line":139,"type":"binary-expr","locations":[{"start":{"line":139,"column":26},"end":{"line":139,"column":33}},{"start":{"line":139,"column":37},"end":{"line":139,"column":39}}]},"18":{"line":141,"type":"binary-expr","locations":[{"start":{"line":141,"column":37},"end":{"line":141,"column":51}},{"start":{"line":141,"column":55},"end":{"line":141,"column":57}}]},"19":{"line":145,"type":"binary-expr","locations":[{"start":{"line":145,"column":44},"end":{"line":145,"column":64}},{"start":{"line":145,"column":68},"end":{"line":145,"column":85}}]},"20":{"line":161,"type":"if","locations":[{"start":{"line":161,"column":8},"end":{"line":161,"column":8}},{"start":{"line":161,"column":8},"end":{"line":161,"column":8}}]},"21":{"line":164,"type":"if","locations":[{"start":{"line":164,"column":16},"end":{"line":164,"column":16}},{"start":{"line":164,"column":16},"end":{"line":164,"column":16}}]},"22":{"line":171,"type":"if","locations":[{"start":{"line":171,"column":8},"end":{"line":171,"column":8}},{"start":{"line":171,"column":8},"end":{"line":171,"column":8}}]},"23":{"line":213,"type":"if","locations":[{"start":{"line":213,"column":12},"end":{"line":213,"column":12}},{"start":{"line":213,"column":12},"end":{"line":213,"column":12}}]},"24":{"line":215,"type":"if","locations":[{"start":{"line":215,"column":20},"end":{"line":215,"column":20}},{"start":{"line":215,"column":20},"end":{"line":215,"column":20}}]},"25":{"line":221,"type":"if","locations":[{"start":{"line":221,"column":28},"end":{"line":221,"column":28}},{"start":{"line":221,"column":28},"end":{"line":221,"column":28},"skip":true}]},"26":{"line":221,"type":"binary-expr","locations":[{"start":{"line":221,"column":32},"end":{"line":221,"column":39}},{"start":{"line":221,"column":43},"end":{"line":221,"column":77}}]},"27":{"line":228,"type":"if","locations":[{"start":{"line":228,"column":12},"end":{"line":228,"column":12}},{"start":{"line":228,"column":12},"end":{"line":228,"column":12}}]},"28":{"line":230,"type":"if","locations":[{"start":{"line":230,"column":20},"end":{"line":230,"column":20}},{"start":{"line":230,"column":20},"end":{"line":230,"column":20}}]},"29":{"line":236,"type":"if","locations":[{"start":{"line":236,"column":28},"end":{"line":236,"column":28}},{"start":{"line":236,"column":28},"end":{"line":236,"column":28},"skip":true}]},"30":{"line":236,"type":"binary-expr","locations":[{"start":{"line":236,"column":32},"end":{"line":236,"column":39}},{"start":{"line":236,"column":43},"end":{"line":236,"column":77}}]},"31":{"line":247,"type":"binary-expr","locations":[{"start":{"line":247,"column":34},"end":{"line":247,"column":53}},{"start":{"line":247,"column":57},"end":{"line":249,"column":13}}]},"32":{"line":250,"type":"if","locations":[{"start":{"line":250,"column":12},"end":{"line":250,"column":12}},{"start":{"line":250,"column":12},"end":{"line":250,"column":12}}]},"33":{"line":264,"type":"binary-expr","locations":[{"start":{"line":264,"column":34},"end":{"line":264,"column":53}},{"start":{"line":264,"column":57},"end":{"line":266,"column":13}}]},"34":{"line":267,"type":"if","locations":[{"start":{"line":267,"column":12},"end":{"line":267,"column":12}},{"start":{"line":267,"column":12},"end":{"line":267,"column":12}}]},"35":{"line":270,"type":"if","locations":[{"start":{"line":270,"column":16},"end":{"line":270,"column":16}},{"start":{"line":270,"column":16},"end":{"line":270,"column":16}}]},"36":{"line":293,"type":"if","locations":[{"start":{"line":293,"column":12},"end":{"line":293,"column":12}},{"start":{"line":293,"column":12},"end":{"line":293,"column":12}}]},"37":{"line":296,"type":"if","locations":[{"start":{"line":296,"column":12},"end":{"line":296,"column":12}},{"start":{"line":296,"column":12},"end":{"line":296,"column":12}}]},"38":{"line":303,"type":"if","locations":[{"start":{"line":303,"column":12},"end":{"line":303,"column":12}},{"start":{"line":303,"column":12},"end":{"line":303,"column":12}}]},"39":{"line":306,"type":"binary-expr","locations":[{"start":{"line":306,"column":35},"end":{"line":306,"column":55}},{"start":{"line":306,"column":59},"end":{"line":306,"column":61}}]},"40":{"line":307,"type":"if","locations":[{"start":{"line":307,"column":12},"end":{"line":307,"column":12}},{"start":{"line":307,"column":12},"end":{"line":307,"column":12}}]},"41":{"line":315,"type":"if","locations":[{"start":{"line":315,"column":12},"end":{"line":315,"column":12}},{"start":{"line":315,"column":12},"end":{"line":315,"column":12}}]},"42":{"line":323,"type":"binary-expr","locations":[{"start":{"line":323,"column":26},"end":{"line":323,"column":30}},{"start":{"line":323,"column":34},"end":{"line":323,"column":38}}]},"43":{"line":335,"type":"if","locations":[{"start":{"line":335,"column":12},"end":{"line":335,"column":12}},{"start":{"line":335,"column":12},"end":{"line":335,"column":12}}]},"44":{"line":338,"type":"cond-expr","locations":[{"start":{"line":338,"column":32},"end":{"line":338,"column":37}},{"start":{"line":338,"column":40},"end":{"line":338,"column":73}}]},"45":{"line":346,"type":"if","locations":[{"start":{"line":346,"column":12},"end":{"line":346,"column":12}},{"start":{"line":346,"column":12},"end":{"line":346,"column":12}}]},"46":{"line":355,"type":"if","locations":[{"start":{"line":355,"column":12},"end":{"line":355,"column":12}},{"start":{"line":355,"column":12},"end":{"line":355,"column":12}}]},"47":{"line":366,"type":"if","locations":[{"start":{"line":366,"column":12},"end":{"line":366,"column":12}},{"start":{"line":366,"column":12},"end":{"line":366,"column":12}}]},"48":{"line":367,"type":"binary-expr","locations":[{"start":{"line":367,"column":24},"end":{"line":367,"column":39}},{"start":{"line":367,"column":43},"end":{"line":367,"column":67}}]},"49":{"line":368,"type":"if","locations":[{"start":{"line":368,"column":16},"end":{"line":368,"column":16}},{"start":{"line":368,"column":16},"end":{"line":368,"column":16}}]},"50":{"line":368,"type":"binary-expr","locations":[{"start":{"line":368,"column":20},"end":{"line":368,"column":25}},{"start":{"line":368,"column":29},"end":{"line":368,"column":70}},{"start":{"line":368,"column":74},"end":{"line":368,"column":92}}]},"51":{"line":369,"type":"binary-expr","locations":[{"start":{"line":369,"column":39},"end":{"line":369,"column":54}},{"start":{"line":369,"column":58},"end":{"line":369,"column":76}}]},"52":{"line":378,"type":"if","locations":[{"start":{"line":378,"column":20},"end":{"line":378,"column":20}},{"start":{"line":378,"column":20},"end":{"line":378,"column":20}}]},"53":{"line":378,"type":"binary-expr","locations":[{"start":{"line":378,"column":24},"end":{"line":378,"column":39}},{"start":{"line":378,"column":43},"end":{"line":378,"column":83}}]},"54":{"line":381,"type":"cond-expr","locations":[{"start":{"line":381,"column":65},"end":{"line":381,"column":83}},{"start":{"line":381,"column":86},"end":{"line":381,"column":89}}]},"55":{"line":383,"type":"binary-expr","locations":[{"start":{"line":383,"column":31},"end":{"line":383,"column":52}},{"start":{"line":383,"column":56},"end":{"line":383,"column":73}},{"start":{"line":383,"column":78},"end":{"line":383,"column":87}}]},"56":{"line":392,"type":"if","locations":[{"start":{"line":392,"column":20},"end":{"line":392,"column":20}},{"start":{"line":392,"column":20},"end":{"line":392,"column":20}}]},"57":{"line":398,"type":"if","locations":[{"start":{"line":398,"column":24},"end":{"line":398,"column":24}},{"start":{"line":398,"column":24},"end":{"line":398,"column":24}}]},"58":{"line":420,"type":"if","locations":[{"start":{"line":420,"column":12},"end":{"line":420,"column":12}},{"start":{"line":420,"column":12},"end":{"line":420,"column":12}}]},"59":{"line":420,"type":"binary-expr","locations":[{"start":{"line":420,"column":16},"end":{"line":420,"column":41}},{"start":{"line":420,"column":45},"end":{"line":420,"column":66}}]},"60":{"line":421,"type":"if","locations":[{"start":{"line":421,"column":16},"end":{"line":421,"column":16}},{"start":{"line":421,"column":16},"end":{"line":421,"column":16}}]},"61":{"line":422,"type":"if","locations":[{"start":{"line":422,"column":20},"end":{"line":422,"column":20}},{"start":{"line":422,"column":20},"end":{"line":422,"column":20}}]},"62":{"line":424,"type":"binary-expr","locations":[{"start":{"line":424,"column":32},"end":{"line":424,"column":50}},{"start":{"line":424,"column":54},"end":{"line":424,"column":81}}]},"63":{"line":426,"type":"if","locations":[{"start":{"line":426,"column":20},"end":{"line":426,"column":20}},{"start":{"line":426,"column":20},"end":{"line":426,"column":20}}]},"64":{"line":426,"type":"binary-expr","locations":[{"start":{"line":426,"column":24},"end":{"line":426,"column":35}},{"start":{"line":426,"column":39},"end":{"line":426,"column":58}}]},"65":{"line":431,"type":"if","locations":[{"start":{"line":431,"column":20},"end":{"line":431,"column":20}},{"start":{"line":431,"column":20},"end":{"line":431,"column":20}}]},"66":{"line":431,"type":"binary-expr","locations":[{"start":{"line":431,"column":24},"end":{"line":431,"column":35}},{"start":{"line":431,"column":39},"end":{"line":431,"column":57}},{"start":{"line":431,"column":61},"end":{"line":431,"column":88}},{"start":{"line":431,"column":92},"end":{"line":431,"column":145}}]},"67":{"line":437,"type":"if","locations":[{"start":{"line":437,"column":20},"end":{"line":437,"column":20}},{"start":{"line":437,"column":20},"end":{"line":437,"column":20}}]},"68":{"line":446,"type":"if","locations":[{"start":{"line":446,"column":20},"end":{"line":446,"column":20}},{"start":{"line":446,"column":20},"end":{"line":446,"column":20}}]},"69":{"line":449,"type":"if","locations":[{"start":{"line":449,"column":20},"end":{"line":449,"column":20}},{"start":{"line":449,"column":20},"end":{"line":449,"column":20}}]},"70":{"line":452,"type":"if","locations":[{"start":{"line":452,"column":20},"end":{"line":452,"column":20}},{"start":{"line":452,"column":20},"end":{"line":452,"column":20}}]},"71":{"line":466,"type":"if","locations":[{"start":{"line":466,"column":12},"end":{"line":466,"column":12}},{"start":{"line":466,"column":12},"end":{"line":466,"column":12}}]},"72":{"line":489,"type":"binary-expr","locations":[{"start":{"line":489,"column":25},"end":{"line":489,"column":41}},{"start":{"line":489,"column":47},"end":{"line":489,"column":83}}]},"73":{"line":500,"type":"if","locations":[{"start":{"line":500,"column":12},"end":{"line":500,"column":12}},{"start":{"line":500,"column":12},"end":{"line":500,"column":12}}]},"74":{"line":504,"type":"cond-expr","locations":[{"start":{"line":504,"column":35},"end":{"line":504,"column":59}},{"start":{"line":504,"column":62},"end":{"line":504,"column":66}}]},"75":{"line":520,"type":"if","locations":[{"start":{"line":520,"column":12},"end":{"line":520,"column":12}},{"start":{"line":520,"column":12},"end":{"line":520,"column":12}}]},"76":{"line":523,"type":"if","locations":[{"start":{"line":523,"column":12},"end":{"line":523,"column":12}},{"start":{"line":523,"column":12},"end":{"line":523,"column":12}}]},"77":{"line":529,"type":"if","locations":[{"start":{"line":529,"column":12},"end":{"line":529,"column":12}},{"start":{"line":529,"column":12},"end":{"line":529,"column":12}}]},"78":{"line":541,"type":"if","locations":[{"start":{"line":541,"column":12},"end":{"line":541,"column":12}},{"start":{"line":541,"column":12},"end":{"line":541,"column":12}}]},"79":{"line":541,"type":"binary-expr","locations":[{"start":{"line":541,"column":16},"end":{"line":541,"column":44}},{"start":{"line":541,"column":48},"end":{"line":541,"column":74}},{"start":{"line":541,"column":78},"end":{"line":541,"column":95}}]},"80":{"line":543,"type":"if","locations":[{"start":{"line":543,"column":19},"end":{"line":543,"column":19}},{"start":{"line":543,"column":19},"end":{"line":543,"column":19}}]},"81":{"line":543,"type":"binary-expr","locations":[{"start":{"line":543,"column":23},"end":{"line":543,"column":51}},{"start":{"line":543,"column":56},"end":{"line":543,"column":84}},{"start":{"line":543,"column":89},"end":{"line":543,"column":112}}]},"82":{"line":555,"type":"if","locations":[{"start":{"line":555,"column":12},"end":{"line":555,"column":12}},{"start":{"line":555,"column":12},"end":{"line":555,"column":12}}]},"83":{"line":558,"type":"cond-expr","locations":[{"start":{"line":558,"column":32},"end":{"line":558,"column":46}},{"start":{"line":558,"column":49},"end":{"line":558,"column":63}}]},"84":{"line":564,"type":"if","locations":[{"start":{"line":564,"column":12},"end":{"line":564,"column":12}},{"start":{"line":564,"column":12},"end":{"line":564,"column":12}}]},"85":{"line":570,"type":"binary-expr","locations":[{"start":{"line":570,"column":26},"end":{"line":570,"column":30}},{"start":{"line":570,"column":34},"end":{"line":570,"column":38}}]}}}}