TN:
SF:/Users/Jim/git/oss/machina/lib/machina.js
FN:9,(anonymous_1)
FN:12,(anonymous_2)
FN:22,(anonymous_3)
FN:33,getDefaultBehavioralOptions
FN:47,getDefaultClientMeta
FN:60,getLeaklessArgs
FN:68,getChildFsmInstance
FN:79,(anonymous_8)
FN:90,listenToChild
FN:91,(anonymous_10)
FN:121,(anonymous_11)
FN:125,(anonymous_12)
FN:137,(anonymous_13)
FN:163,(anonymous_14)
FN:183,createUUID
FN:196,(anonymous_16)
FN:198,(anonymous_17)
FN:211,(anonymous_18)
FN:214,(anonymous_19)
FN:229,(anonymous_20)
FN:245,(anonymous_21)
FN:257,(anonymous_22)
FN:263,(anonymous_23)
FN:281,BehavioralFsm
FN:289,(anonymous_25)
FN:291,initClient
FN:302,ensureClientMeta
FN:314,(anonymous_28)
FN:329,(anonymous_29)
FN:341,(anonymous_30)
FN:413,(anonymous_31)
FN:464,(anonymous_32)
FN:481,(anonymous_33)
FN:486,(anonymous_34)
FN:488,(anonymous_35)
FN:493,(anonymous_36)
FN:498,(anonymous_37)
FN:503,(anonymous_38)
FN:514,(anonymous_39)
FN:518,initClient
FN:528,ensureClientMeta
FN:537,(anonymous_42)
FN:549,(anonymous_43)
FN:561,(anonymous_44)
FN:575,(anonymous_45)
FN:579,(anonymous_46)
FN:583,(anonymous_47)
FN:587,(anonymous_48)
FN:591,(anonymous_49)
FNF:49
FNH:49
FNDA:1,(anonymous_1)
FNDA:0,(anonymous_2)
FNDA:1,(anonymous_3)
FNDA:272,getDefaultBehavioralOptions
FNDA:243,getDefaultClientMeta
FNDA:3011,getLeaklessArgs
FNDA:16,getChildFsmInstance
FNDA:14,(anonymous_8)
FNDA:16,listenToChild
FNDA:161,(anonymous_10)
FNDA:361,(anonymous_11)
FNDA:361,(anonymous_12)
FNDA:348,(anonymous_13)
FNDA:575,(anonymous_14)
FNDA:6,createUUID
FNDA:1,(anonymous_16)
FNDA:272,(anonymous_17)
FNDA:1705,(anonymous_18)
FNDA:1062,(anonymous_19)
FNDA:76,(anonymous_20)
FNDA:232,(anonymous_21)
FNDA:14,(anonymous_22)
FNDA:38,(anonymous_23)
FNDA:272,BehavioralFsm
FNDA:264,(anonymous_25)
FNDA:120,initClient
FNDA:664,ensureClientMeta
FNDA:425,(anonymous_28)
FNDA:63,(anonymous_29)
FNDA:341,(anonymous_30)
FNDA:430,(anonymous_31)
FNDA:62,(anonymous_32)
FNDA:8,(anonymous_33)
FNDA:414,(anonymous_34)
FNDA:38,(anonymous_35)
FNDA:38,(anonymous_36)
FNDA:16,(anonymous_37)
FNDA:16,(anonymous_38)
FNDA:125,(anonymous_39)
FNDA:123,initClient
FNDA:722,ensureClientMeta
FNDA:985,(anonymous_42)
FNDA:51,(anonymous_43)
FNDA:386,(anonymous_44)
FNDA:148,(anonymous_45)
FNDA:210,(anonymous_46)
FNDA:31,(anonymous_47)
FNDA:202,(anonymous_48)
FNDA:8,(anonymous_49)
DA:9,1
DA:10,1
DA:12,1
DA:13,1
DA:15,1
DA:17,1
DA:20,1
DA:23,1
DA:24,1
DA:25,1
DA:26,1
DA:27,1
DA:28,1
DA:29,1
DA:30,1
DA:31,1
DA:33,1
DA:34,272
DA:47,1
DA:48,243
DA:60,1
DA:61,3011
DA:62,3011
DA:63,5567
DA:65,3011
DA:68,1
DA:69,16
DA:70,0
DA:72,16
DA:73,16
DA:75,14
DA:76,2
DA:79,12
DA:80,14
DA:83,2
DA:84,2
DA:86,16
DA:87,16
DA:90,1
DA:91,16
DA:92,161
DA:94,20
DA:96,20
DA:99,20
DA:100,6
DA:102,20
DA:104,32
DA:105,32
DA:106,6
DA:108,32
DA:109,32
DA:111,109
DA:112,109
DA:120,1
DA:121,1
DA:122,361
DA:123,361
DA:124,361
DA:125,361
DA:129,361
DA:130,1
DA:137,360
DA:138,348
DA:139,348
DA:140,348
DA:141,348
DA:142,348
DA:145,348
DA:146,348
DA:147,348
DA:152,361
DA:156,361
DA:157,361
DA:161,361
DA:162,361
DA:163,361
DA:164,575
DA:165,372
DA:171,361
DA:172,6
DA:176,361
DA:179,361
DA:180,361
DA:183,1
DA:184,6
DA:185,6
DA:186,6
DA:187,216
DA:189,6
DA:190,6
DA:191,6
DA:192,6
DA:195,1
DA:197,1
DA:198,1
DA:199,272
DA:209,1
DA:212,1705
DA:213,1705
DA:214,1402
DA:215,1062
DA:216,1055
DA:218,7
DA:219,7
DA:221,2
DA:222,2
DA:228,1704
DA:229,81
DA:230,76
DA:231,62
DA:233,14
DA:234,14
DA:236,9
DA:237,9
DA:246,232
DA:247,232
DA:250,232
DA:251,82
DA:253,232
DA:254,232
DA:258,14
DA:264,38
DA:267,38
DA:268,8
DA:270,30
DA:271,26
DA:273,4
DA:279,1
DA:281,1
DA:282,272
DA:283,272
DA:284,272
DA:285,272
DA:288,1
DA:292,120
DA:293,120
DA:294,4
DA:296,116
DA:297,4
DA:299,112
DA:303,664
DA:304,12
DA:306,652
DA:307,652
DA:308,120
DA:309,120
DA:311,644
DA:315,425
DA:316,421
DA:321,4
DA:333,63
DA:334,63
DA:335,63
DA:336,63
DA:338,63
DA:342,341
DA:343,341
DA:344,341
DA:345,341
DA:346,341
DA:347,279
DA:353,341
DA:354,321
DA:355,321
DA:356,259
DA:358,321
DA:359,321
DA:360,321
DA:361,321
DA:362,321
DA:363,321
DA:364,321
DA:365,321
DA:366,321
DA:367,321
DA:368,321
DA:369,6
DA:370,6
DA:371,6
DA:376,6
DA:378,315
DA:379,0
DA:381,315
DA:382,315
DA:383,315
DA:384,315
DA:385,315
DA:386,315
DA:392,315
DA:393,52
DA:397,263
DA:398,263
DA:399,114
DA:401,149
DA:402,149
DA:404,255
DA:406,307
DA:407,307
DA:410,313
DA:414,430
DA:415,430
DA:416,430
DA:417,430
DA:418,430
DA:419,430
DA:420,430
DA:421,430
DA:422,422
DA:423,16
DA:424,16
DA:426,422
DA:427,28
DA:428,28
DA:429,28
DA:431,422
DA:432,6
DA:434,422
DA:435,422
DA:436,422
DA:437,422
DA:438,16
DA:440,422
DA:445,422
DA:446,422
DA:447,184
DA:449,414
DA:450,16
DA:452,414
DA:453,414
DA:455,414
DA:457,8
DA:465,62
DA:466,62
DA:467,62
DA:472,62
DA:473,62
DA:477,62
DA:482,8
DA:483,8
DA:487,414
DA:488,414
DA:489,38
DA:491,414
DA:492,414
DA:493,414
DA:494,38
DA:499,16
DA:500,16
DA:501,8
DA:503,8
DA:504,16
DA:506,8
DA:511,1
DA:513,1
DA:515,125
DA:516,123
DA:519,123
DA:520,123
DA:521,4
DA:523,119
DA:524,4
DA:526,115
DA:529,722
DA:530,123
DA:531,123
DA:532,123
DA:534,714
DA:538,985
DA:541,985
DA:542,14
DA:543,971
DA:544,296
DA:546,985
DA:553,51
DA:554,51
DA:555,51
DA:556,0
DA:558,51
DA:562,386
DA:563,386
DA:564,386
DA:565,386
DA:569,0
DA:576,148
DA:577,148
DA:580,210
DA:581,210
DA:584,31
DA:585,31
DA:588,202
DA:589,202
DA:592,8
DA:593,8
DA:597,1
DA:606,1
LF:295
LH:291
BRDA:10,1,0,0
BRDA:10,1,1,1
BRDA:10,2,0,1
BRDA:10,2,1,0
BRDA:15,3,0,1
BRDA:15,3,1,0
BRDA:15,4,0,1
BRDA:15,4,1,1
BRDA:69,5,0,0
BRDA:69,5,1,16
BRDA:73,6,0,14
BRDA:73,6,1,2
BRDA:75,7,0,2
BRDA:75,7,1,12
BRDA:83,8,0,2
BRDA:83,8,1,0
BRDA:92,9,0,20
BRDA:92,9,1,32
BRDA:92,9,2,109
BRDA:94,10,0,20
BRDA:94,10,1,0
BRDA:94,11,0,20
BRDA:94,11,1,20
BRDA:94,11,2,20
BRDA:99,12,0,6
BRDA:99,12,1,14
BRDA:105,13,0,6
BRDA:105,13,1,26
BRDA:105,14,0,32
BRDA:105,14,1,6
BRDA:129,15,0,1
BRDA:129,15,1,360
BRDA:129,16,0,361
BRDA:129,16,1,361
BRDA:139,17,0,348
BRDA:139,17,1,174
BRDA:141,18,0,348
BRDA:141,18,1,174
BRDA:145,19,0,348
BRDA:145,19,1,336
BRDA:161,20,0,361
BRDA:161,20,1,0
BRDA:164,21,0,372
BRDA:164,21,1,203
BRDA:171,22,0,6
BRDA:171,22,1,355
BRDA:213,23,0,1402
BRDA:213,23,1,303
BRDA:215,24,0,1055
BRDA:215,24,1,7
BRDA:221,25,0,2
BRDA:221,25,1,0
BRDA:221,26,0,2
BRDA:221,26,1,2
BRDA:228,27,0,81
BRDA:228,27,1,1623
BRDA:230,28,0,62
BRDA:230,28,1,14
BRDA:236,29,0,9
BRDA:236,29,1,0
BRDA:236,30,0,9
BRDA:236,30,1,9
BRDA:247,31,0,232
BRDA:247,31,1,0
BRDA:250,32,0,82
BRDA:250,32,1,150
BRDA:264,33,0,38
BRDA:264,33,1,0
BRDA:267,34,0,8
BRDA:267,34,1,30
BRDA:270,35,0,26
BRDA:270,35,1,4
BRDA:293,36,0,4
BRDA:293,36,1,116
BRDA:296,37,0,4
BRDA:296,37,1,112
BRDA:303,38,0,12
BRDA:303,38,1,652
BRDA:306,39,0,652
BRDA:306,39,1,113
BRDA:307,40,0,120
BRDA:307,40,1,532
BRDA:315,41,0,421
BRDA:315,41,1,4
BRDA:323,42,0,4
BRDA:323,42,1,0
BRDA:335,43,0,63
BRDA:335,43,1,0
BRDA:338,44,0,15
BRDA:338,44,1,48
BRDA:346,45,0,279
BRDA:346,45,1,62
BRDA:355,46,0,259
BRDA:355,46,1,62
BRDA:366,47,0,321
BRDA:366,47,1,0
BRDA:367,48,0,321
BRDA:367,48,1,12
BRDA:368,49,0,6
BRDA:368,49,1,315
BRDA:368,50,0,321
BRDA:368,50,1,12
BRDA:368,50,2,12
BRDA:369,51,0,6
BRDA:369,51,1,6
BRDA:378,52,0,0
BRDA:378,52,1,315
BRDA:378,53,0,315
BRDA:378,53,1,14
BRDA:381,54,0,241
BRDA:381,54,1,74
BRDA:383,55,0,315
BRDA:383,55,1,52
BRDA:383,55,2,52
BRDA:392,56,0,52
BRDA:392,56,1,263
BRDA:398,57,0,114
BRDA:398,57,1,149
BRDA:420,58,0,430
BRDA:420,58,1,0
BRDA:420,59,0,430
BRDA:420,59,1,430
BRDA:421,60,0,422
BRDA:421,60,1,8
BRDA:422,61,0,16
BRDA:422,61,1,406
BRDA:424,62,0,16
BRDA:424,62,1,16
BRDA:426,63,0,28
BRDA:426,63,1,394
BRDA:426,64,0,422
BRDA:426,64,1,195
BRDA:431,65,0,6
BRDA:431,65,1,416
BRDA:431,66,0,422
BRDA:431,66,1,195
BRDA:431,66,2,6
BRDA:431,66,3,6
BRDA:437,67,0,16
BRDA:437,67,1,406
BRDA:446,68,0,184
BRDA:446,68,1,238
BRDA:449,69,0,16
BRDA:449,69,1,398
BRDA:452,70,0,414
BRDA:452,70,1,0
BRDA:466,71,0,62
BRDA:466,71,1,0
BRDA:489,72,0,38
BRDA:489,72,1,16
BRDA:500,73,0,8
BRDA:500,73,1,8
BRDA:504,74,0,16
BRDA:504,74,1,0
BRDA:520,75,0,4
BRDA:520,75,1,119
BRDA:523,76,0,4
BRDA:523,76,1,115
BRDA:529,77,0,123
BRDA:529,77,1,599
BRDA:541,78,0,14
BRDA:541,78,1,971
BRDA:541,79,0,985
BRDA:541,79,1,693
BRDA:541,79,2,689
BRDA:543,80,0,296
BRDA:543,80,1,675
BRDA:543,81,0,971
BRDA:543,81,1,679
BRDA:543,81,2,679
BRDA:555,82,0,0
BRDA:555,82,1,51
BRDA:558,83,0,7
BRDA:558,83,1,44
BRDA:564,84,0,386
BRDA:564,84,1,0
BRDA:570,85,0,0
BRDA:570,85,1,0
BRF:178
BRH:159
end_of_record
